2025-09-05 07:18:35,730 - INFO - Monitoring thread started
2025-09-05 07:18:36,873 - INFO - Browser initialized with human-like settings
2025-09-05 07:18:36,935 - INFO - Action: SESSION_START - Starting exploration session - URL: https://httpbin.org/
2025-09-05 07:18:37,037 - INFO - Action: NAVIGATE - Navigating to https://httpbin.org/ - URL: https://httpbin.org/
2025-09-05 07:18:44,370 - INFO - Action: PAGE_LOADED - Successfully loaded https://httpbin.org/ - URL: https://httpbin.org/
2025-09-05 07:18:44,471 - INFO - Action: EXPLORE_PAGE - Exploring page 1 - URL: https://httpbin.org/
2025-09-05 07:18:44,572 - INFO - Action: ANALYZE - Analyzing page: httpbin.org - URL: https://httpbin.org/
2025-09-05 07:18:44,674 - INFO - Action: SCREENSHOT - Screenshot saved: screenshot_20250905_071844.png - URL: https://httpbin.org/
2025-09-05 07:18:44,775 - INFO - Action: ANALYZE - Found 4 links - URL: https://httpbin.org/
2025-09-05 07:18:44,875 - INFO - Action: ANALYZE - Found 0 forms - URL: https://httpbin.org/
2025-09-05 07:18:44,976 - INFO - Action: ANALYZE - Found 0 images - URL: https://httpbin.org/
2025-09-05 07:18:45,077 - INFO - Action: EXTRACT - Extracted 275 characters of text - URL: https://httpbin.org/
2025-09-05 07:18:45,178 - INFO - Action: ANALYZE - Found 0 interactive elements - URL: https://httpbin.org/
2025-09-05 07:18:45,279 - INFO - Action: SCROLL - Scrolled down 602px - URL: https://httpbin.org/
2025-09-05 07:18:46,182 - INFO - Action: SCROLL - Scrolled down 487px - URL: https://httpbin.org/
2025-09-05 07:18:47,990 - INFO - Action: SCROLL - Scrolled down 709px - URL: https://httpbin.org/
2025-09-05 07:18:49,498 - INFO - Action: SCROLL - Scrolled down 448px - URL: https://httpbin.org/
2025-09-05 07:18:50,605 - INFO - Action: DECISION - Selected link: HTML form - URL: https://httpbin.org/forms/post
2025-09-05 07:18:50,706 - INFO - Action: NAVIGATE - Navigating to https://httpbin.org/forms/post - URL: https://httpbin.org/forms/post
2025-09-05 07:18:53,921 - INFO - Action: PAGE_LOADED - Successfully loaded https://httpbin.org/forms/post - URL: https://httpbin.org/forms/post
2025-09-05 07:19:01,253 - INFO - Action: EXPLORE_PAGE - Exploring page 2 - URL: https://httpbin.org/forms/post
2025-09-05 07:19:01,354 - INFO - Action: ANALYZE - Analyzing page:  - URL: https://httpbin.org/forms/post
2025-09-05 07:19:01,454 - INFO - Action: SCREENSHOT - Screenshot saved: screenshot_20250905_071901.png - URL: https://httpbin.org/forms/post
2025-09-05 07:19:01,555 - INFO - Action: ANALYZE - Found 0 links - URL: https://httpbin.org/forms/post
2025-09-05 07:19:01,657 - INFO - Action: ANALYZE - Found 1 forms - URL: https://httpbin.org/forms/post
2025-09-05 07:19:01,758 - INFO - Action: ANALYZE - Found 0 images - URL: https://httpbin.org/forms/post
2025-09-05 07:19:01,859 - INFO - Action: EXTRACT - Extracted 181 characters of text - URL: https://httpbin.org/forms/post
2025-09-05 07:19:01,960 - INFO - Action: ANALYZE - Found 11 interactive elements - URL: https://httpbin.org/forms/post
2025-09-05 07:19:02,061 - INFO - Action: SCROLL - Scrolled down 584px - URL: https://httpbin.org/forms/post
2025-09-05 07:19:03,570 - INFO - Action: SCROLL - Scrolled down 211px - URL: https://httpbin.org/forms/post
2025-09-05 07:19:04,474 - INFO - Action: SCROLL - Scrolled down 443px - URL: https://httpbin.org/forms/post
2025-09-05 07:19:06,368 - INFO - Session data saved to: fsot_web_session_20250905_071906.json
2025-09-05 07:19:08,495 - INFO - Cleanup completed
